<?xml version="1.0" encoding="UTF-8"?>
<testsuite xmlns:xsi="http://www.w3.org/2001/XMLSchema-instance" xsi:noNamespaceSchemaLocation="https://maven.apache.org/surefire/maven-surefire-plugin/xsd/surefire-test-report-3.0.xsd" version="3.0" name="com.csc180.brettbeloin.controllers.databaseTest" time="2.252" tests="5" errors="0" skipped="0" failures="0">
  <properties>
[...]
</properties>
  <testcase name="test_get_document_by_id" classname="com.csc180.brettbeloin.controllers.databaseTest" time="0.545">
    <system-err><![CDATA[Feb 22, 2026 7:08:43 AM com.mongodb.internal.diagnostics.logging.Loggers shouldUseSLF4J
WARNING: SLF4J not found on the classpath.  Logging is disabled for the 'org.mongodb.driver' component
]]></system-err>
  </testcase>
  <testcase name="test_insert_documents_return_value" classname="com.csc180.brettbeloin.controllers.databaseTest" time="0.451">
    <system-out><![CDATA[Inserted documents with the following id and name: {699b0debcbc6cf69c7fe0fcd=why did the chicken cross the road}
]]></system-out>
  </testcase>
  <testcase name="test_get_questions_by_genre" classname="com.csc180.brettbeloin.controllers.databaseTest" time="0.439">
    <system-out><![CDATA[we found: [Document{{_id=699ae5f3453cc8c41dc1803d, type=multiple, difficulty=easy, category=Mythology, question=Who in Greek mythology, who led the Argonauts in search of the Golden Fleece?, correct_answer=Jason, incorrect_answers=[Castor, Daedalus, Odysseus]}}, Document{{_id=699ae5f3453cc8c41dc1803e, type=multiple, difficulty=easy, category=Mythology, question=Which of the following is not true about the life of Tiresias?, correct_answer=Sailed with the Argonauts to find the golden fleece, incorrect_answers=[Athena turned him into a woman, and then years later back into a man, Hera blinded him after he agreed with Zeus in an argument, Revealed to Oedipus that Oedipus had married his own mother]}}, Document{{_id=699afad454a7647960bfb52b, type=multiple, difficulty=easy, category=Mythology, question=Which Greek &amp; Roman god was known as the god of music, truth and prophecy, healing, the sun and light, plague, poetry, and more?, correct_answer=Apollo, incorrect_answers=[Aphrodite, Artemis, Athena]}}, Document{{_id=699afad454a7647960bfb52c, type=multiple, difficulty=easy, category=Mythology, question=What mytological creatures have women&#039;s faces and vultures&#039; bodies?, correct_answer=Harpies, incorrect_answers=[Mermaids, Nymph, Lilith]}}, Document{{_id=699afad454a7647960bfb52d, type=multiple, difficulty=easy, category=Mythology, question=In most traditions, who was the wife of Zeus?, correct_answer=Hera, incorrect_answers=[Aphrodite, Athena, Hestia]}}, Document{{_id=699afad454a7647960bfb52e, type=multiple, difficulty=easy, category=Mythology, question=Who was the King of Gods in Ancient Greek mythology?, correct_answer=Zeus, incorrect_answers=[Apollo, Hermes, Poseidon]}}, Document{{_id=699afad454a7647960bfb52f, type=multiple, difficulty=easy, category=Mythology, question=Who in Greek mythology, who led the Argonauts in search of the Golden Fleece?, correct_answer=Jason, incorrect_answers=[Castor, Daedalus, Odysseus]}}, Document{{_id=699afad454a7647960bfb530, type=multiple, difficulty=easy, category=Mythology, question=The ancient Roman god of war was commonly known as which of the following?, correct_answer=Mars, incorrect_answers=[Jupiter, Juno, Ares]}}, Document{{_id=699afad454a7647960bfb531, type=multiple, difficulty=easy, category=Mythology, question=The Nike apparel and footwear brand takes it&#039;s name from the Greek goddess of what?, correct_answer=Victory, incorrect_answers=[Courage, Strength, Honor]}}, Document{{_id=699afad454a7647960bfb532, type=multiple, difficulty=easy, category=Mythology, question=What mythology did the god &quot;Apollo&quot; come from?, correct_answer=Greek and Roman, incorrect_answers=[Roman and Spanish, Greek and Chinese, Greek, Roman and Norse]}}, Document{{_id=699afad454a7647960bfb533, type=multiple, difficulty=easy, category=Mythology, question=Who was the only god from Greece who did not get a name change in Rome?, correct_answer=Apollo, incorrect_answers=[Demeter, Zeus, Athena]}}, Document{{_id=699afad454a7647960bfb534, type=multiple, difficulty=easy, category=Mythology, question=Which figure from Greek mythology traveled to the underworld to return his wife Eurydice to the land of the living?, correct_answer=Orpheus, incorrect_answers=[Hercules, Perseus, Daedalus]}}]
]]></system-out>
  </testcase>
  <testcase name="test_get_all_documents_count" classname="com.csc180.brettbeloin.controllers.databaseTest" time="0.415"/>
  <testcase name="test_ping_database" classname="com.csc180.brettbeloin.controllers.databaseTest" time="0.398"/>
</testsuite>